<?xml version="1.0" encoding="UTF-8"?>
<!-- Generated by org.testng.reporters.JUnitXMLReporter -->
<testsuite ignored="0" hostname="LAPTOP-1TE3E7CQ" failures="0" tests="6" name="Test" time="25.175" errors="0" timestamp="2026-03-12T13:29:38 IST">
  <testcase classname="GenericUtility.baseClassMain" name="test" time="0.009"/>
  <testcase classname="practice.DemoTest" name="logIn" time="0.002"/>
  <testcase classname="practice.DemoTest" name="addEmp" time="0.002"/>
  <testcase classname="practice.DemoTest" name="logOut" time="0.002"/>
  <testcase classname="practice.orangeHRMSoftAssert" name="orangeTask" time="15.953"/>
  <testcase classname="practice.OrangeHardAssert" name="orangeTask" time="9.129"/>
</testsuite> <!-- Test -->
