<?xml version="1.0" encoding="UTF-8"?>
<testng-results ignored="0" total="1" passed="1" failed="0" skipped="0">
  <reporter-output>
    <line>
      <![CDATA[Executing beforeSuite]]>
    </line>
    <line>
      <![CDATA[Executing beforeTest]]>
    </line>
    <line>
      <![CDATA[Executing beforeClass]]>
    </line>
    <line>
      <![CDATA[Executing beforeMethod]]>
    </line>
    <line>
      <![CDATA[Executing afterMethod]]>
    </line>
    <line>
      <![CDATA[Executing afterTest]]>
    </line>
    <line>
      <![CDATA[Executing afterSuite]]>
    </line>
  </reporter-output>
  <suite started-at="2026-03-24T14:46:46 IST" name="Default suite" finished-at="2026-03-24T14:48:58 IST" duration-ms="131468">
    <groups>
    </groups>
    <test started-at="2026-03-24T14:46:46 IST" name="Default test" finished-at="2026-03-24T14:48:58 IST" duration-ms="131468">
      <class name="com.orangehrm.seleniumui.framework.recuitment.CreateVacancyTest">
        <test-method is-config="true" signature="beforeSuite()[pri:0, instance:com.orangehrm.seleniumui.framework.recuitment.CreateVacancyTest@26794848]" started-at="2026-03-24T14:46:46 IST" name="beforeSuite" finished-at="2026-03-24T14:46:46 IST" duration-ms="13" status="PASS">
          <reporter-output>
            <line>
              <![CDATA[Executing beforeSuite]]>
            </line>
          </reporter-output>
        </test-method> <!-- beforeSuite -->
        <test-method is-config="true" signature="beforeTest()[pri:0, instance:com.orangehrm.seleniumui.framework.recuitment.CreateVacancyTest@26794848]" started-at="2026-03-24T14:46:46 IST" name="beforeTest" finished-at="2026-03-24T14:46:46 IST" duration-ms="1" status="PASS">
          <reporter-output>
            <line>
              <![CDATA[Executing beforeTest]]>
            </line>
          </reporter-output>
        </test-method> <!-- beforeTest -->
        <test-method is-config="true" signature="beforeClass()[pri:0, instance:com.orangehrm.seleniumui.framework.recuitment.CreateVacancyTest@26794848]" started-at="2026-03-24T14:46:46 IST" name="beforeClass" finished-at="2026-03-24T14:46:48 IST" duration-ms="1642" status="PASS">
          <reporter-output>
            <line>
              <![CDATA[Executing beforeClass]]>
            </line>
          </reporter-output>
        </test-method> <!-- beforeClass -->
        <test-method is-config="true" signature="beforeMethod()[pri:0, instance:com.orangehrm.seleniumui.framework.recuitment.CreateVacancyTest@26794848]" started-at="2026-03-24T14:46:48 IST" name="beforeMethod" finished-at="2026-03-24T14:47:03 IST" duration-ms="15349" status="PASS">
          <reporter-output>
            <line>
              <![CDATA[Executing beforeMethod]]>
            </line>
          </reporter-output>
        </test-method> <!-- beforeMethod -->
        <test-method signature="addVacancy()[pri:0, instance:com.orangehrm.seleniumui.framework.recuitment.CreateVacancyTest@26794848]" started-at="2026-03-24T14:47:03 IST" name="addVacancy" finished-at="2026-03-24T14:48:27 IST" duration-ms="84200" status="PASS">
          <reporter-output>
          </reporter-output>
        </test-method> <!-- addVacancy -->
        <test-method is-config="true" signature="afterMethod()[pri:0, instance:com.orangehrm.seleniumui.framework.recuitment.CreateVacancyTest@26794848]" started-at="2026-03-24T14:48:27 IST" name="afterMethod" finished-at="2026-03-24T14:48:58 IST" duration-ms="30208" status="FAIL">
          <exception class="org.openqa.selenium.NoSuchElementException">
            <message>
              <![CDATA[no such element: Unable to locate element: {"method":"link text","selector":"Logout"}
  (Session info: chrome=146.0.7680.164)
For documentation on this error, please visit: https://www.selenium.dev/documentation/webdriver/troubleshooting/errors#nosuchelementexception
Build info: version: '4.38.0', revision: '6b412e825c*'
System info: os.name: 'Windows 11', os.arch: 'amd64', os.version: '10.0', java.version: '21.0.9'
Driver info: org.openqa.selenium.chrome.ChromeDriver
Command: [ea5b01b256771acbc1347e5e9fb1645e, findElement {using=link text, value=Logout}]
Capabilities {acceptInsecureCerts: false, browserName: chrome, browserVersion: 146.0.7680.164, chrome: {chromedriverVersion: 146.0.7680.165 (4b989da09e1..., userDataDir: C:\Users\SWAATH~1.T\AppData...}, fedcm:accounts: true, goog:chromeOptions: {debuggerAddress: localhost:52683}, goog:processID: 20776, networkConnectionEnabled: false, pageLoadStrategy: normal, platformName: windows, proxy: Proxy(), se:cdp: ws://localhost:52683/devtoo..., se:cdpVersion: 146.0.7680.164, setWindowRect: true, strictFileInteractability: false, timeouts: {implicit: 0, pageLoad: 300000, script: 30000}, unhandledPromptBehavior: dismiss and notify, webauthn:extension:credBlob: true, webauthn:extension:largeBlob: true, webauthn:extension:minPinLength: true, webauthn:extension:prf: true, webauthn:virtualAuthenticators: true}
Session ID: ea5b01b256771acbc1347e5e9fb1645e]]>
            </message>
            <full-stacktrace>
              <![CDATA[org.openqa.selenium.NoSuchElementException: no such element: Unable to locate element: {"method":"link text","selector":"Logout"}
  (Session info: chrome=146.0.7680.164)
For documentation on this error, please visit: https://www.selenium.dev/documentation/webdriver/troubleshooting/errors#nosuchelementexception
Build info: version: '4.38.0', revision: '6b412e825c*'
System info: os.name: 'Windows 11', os.arch: 'amd64', os.version: '10.0', java.version: '21.0.9'
Driver info: org.openqa.selenium.chrome.ChromeDriver
Command: [ea5b01b256771acbc1347e5e9fb1645e, findElement {using=link text, value=Logout}]
Capabilities {acceptInsecureCerts: false, browserName: chrome, browserVersion: 146.0.7680.164, chrome: {chromedriverVersion: 146.0.7680.165 (4b989da09e1..., userDataDir: C:\Users\SWAATH~1.T\AppData...}, fedcm:accounts: true, goog:chromeOptions: {debuggerAddress: localhost:52683}, goog:processID: 20776, networkConnectionEnabled: false, pageLoadStrategy: normal, platformName: windows, proxy: Proxy(), se:cdp: ws://localhost:52683/devtoo..., se:cdpVersion: 146.0.7680.164, setWindowRect: true, strictFileInteractability: false, timeouts: {implicit: 0, pageLoad: 300000, script: 30000}, unhandledPromptBehavior: dismiss and notify, webauthn:extension:credBlob: true, webauthn:extension:largeBlob: true, webauthn:extension:minPinLength: true, webauthn:extension:prf: true, webauthn:virtualAuthenticators: true}
Session ID: ea5b01b256771acbc1347e5e9fb1645e
at java.base/jdk.internal.reflect.DirectConstructorHandleAccessor.newInstance(DirectConstructorHandleAccessor.java:62)
at java.base/java.lang.reflect.Constructor.newInstanceWithCaller(Constructor.java:502)
at java.base/java.lang.reflect.Constructor.newInstance(Constructor.java:486)
at org.openqa.selenium.remote.ErrorCodec.decode(ErrorCodec.java:167)
at org.openqa.selenium.remote.codec.w3c.W3CHttpResponseCodec.decode(W3CHttpResponseCodec.java:138)
at org.openqa.selenium.remote.codec.w3c.W3CHttpResponseCodec.decode(W3CHttpResponseCodec.java:50)
at org.openqa.selenium.remote.HttpCommandExecutor.execute(HttpCommandExecutor.java:215)
at org.openqa.selenium.remote.service.DriverCommandExecutor.invokeExecute(DriverCommandExecutor.java:216)
at org.openqa.selenium.remote.service.DriverCommandExecutor.execute(DriverCommandExecutor.java:174)
at org.openqa.selenium.remote.RemoteWebDriver.execute(RemoteWebDriver.java:557)
at org.openqa.selenium.remote.ElementLocation$ElementFinder$2.findElement(ElementLocation.java:165)
at org.openqa.selenium.remote.ElementLocation.findElement(ElementLocation.java:59)
at org.openqa.selenium.remote.RemoteWebDriver.findElement(RemoteWebDriver.java:380)
at org.openqa.selenium.remote.RemoteWebDriver.findElement(RemoteWebDriver.java:374)
at org.openqa.selenium.support.pagefactory.DefaultElementLocator.findElement(DefaultElementLocator.java:68)
at org.openqa.selenium.support.pagefactory.internal.LocatingElementHandler.invoke(LocatingElementHandler.java:38)
at jdk.proxy2/jdk.proxy2.$Proxy18.click(Unknown Source)
at com.orangeHRM.seleniumuiframework.object_repository.dashboardPage.logoutFromApp(dashboardPage.java:52)
at generic_utility.BaseClass.afterMethod(BaseClass.java:78)
at java.base/jdk.internal.reflect.DirectMethodHandleAccessor.invoke(DirectMethodHandleAccessor.java:103)
at java.base/java.lang.reflect.Method.invoke(Method.java:580)
at org.testng.internal.invokers.MethodInvocationHelper.invokeMethod(MethodInvocationHelper.java:141)
at org.testng.internal.invokers.MethodInvocationHelper.invokeMethodConsideringTimeout(MethodInvocationHelper.java:71)
at org.testng.internal.invokers.ConfigInvoker.invokeConfigurationMethod(ConfigInvoker.java:400)
at org.testng.internal.invokers.ConfigInvoker.invokeConfigurations(ConfigInvoker.java:333)
at org.testng.internal.invokers.TestInvoker.runConfigMethods(TestInvoker.java:836)
at org.testng.internal.invokers.TestInvoker.runAfterConfigurations(TestInvoker.java:805)
at org.testng.internal.invokers.TestInvoker.invokeMethod(TestInvoker.java:781)
at org.testng.internal.invokers.TestInvoker.invokeTestMethod(TestInvoker.java:230)
at org.testng.internal.invokers.MethodRunner.runInSequence(MethodRunner.java:63)
at org.testng.internal.invokers.TestInvoker$MethodInvocationAgent.invoke(TestInvoker.java:995)
at org.testng.internal.invokers.TestInvoker.invokeTestMethods(TestInvoker.java:203)
at org.testng.internal.invokers.TestMethodWorker.invokeTestMethods(TestMethodWorker.java:154)
at org.testng.internal.invokers.TestMethodWorker.run(TestMethodWorker.java:134)
at java.base/java.util.ArrayList.forEach(ArrayList.java:1596)
at org.testng.TestRunner.privateRun(TestRunner.java:741)
at org.testng.TestRunner.run(TestRunner.java:616)
at org.testng.SuiteRunner.runTest(SuiteRunner.java:421)
at org.testng.SuiteRunner.runSequentially(SuiteRunner.java:413)
at org.testng.SuiteRunner.privateRun(SuiteRunner.java:373)
at org.testng.SuiteRunner.run(SuiteRunner.java:312)
at org.testng.SuiteRunnerWorker.runSuite(SuiteRunnerWorker.java:52)
at org.testng.SuiteRunnerWorker.run(SuiteRunnerWorker.java:95)
at org.testng.TestNG.runSuitesSequentially(TestNG.java:1274)
at org.testng.TestNG.runSuitesLocally(TestNG.java:1208)
at org.testng.TestNG.runSuites(TestNG.java:1112)
at org.testng.TestNG.run(TestNG.java:1079)
at org.testng.remote.AbstractRemoteTestNG.run(AbstractRemoteTestNG.java:115)
at org.testng.remote.RemoteTestNG.initAndRun(RemoteTestNG.java:293)
at org.testng.remote.RemoteTestNG.main(RemoteTestNG.java:91)
]]>
            </full-stacktrace>
          </exception> <!-- org.openqa.selenium.NoSuchElementException -->
          <reporter-output>
            <line>
              <![CDATA[Executing afterMethod]]>
            </line>
          </reporter-output>
        </test-method> <!-- afterMethod -->
        <test-method is-config="true" signature="afterClass()[pri:0, instance:com.orangehrm.seleniumui.framework.recuitment.CreateVacancyTest@26794848]" started-at="2026-03-24T14:48:58 IST" name="afterClass" finished-at="2026-03-24T14:48:58 IST" duration-ms="0" status="SKIP">
          <reporter-output>
          </reporter-output>
        </test-method> <!-- afterClass -->
        <test-method is-config="true" signature="afterTest()[pri:0, instance:com.orangehrm.seleniumui.framework.recuitment.CreateVacancyTest@26794848]" started-at="2026-03-24T14:48:58 IST" name="afterTest" finished-at="2026-03-24T14:48:58 IST" duration-ms="2" status="PASS">
          <reporter-output>
            <line>
              <![CDATA[Executing afterTest]]>
            </line>
          </reporter-output>
        </test-method> <!-- afterTest -->
        <test-method is-config="true" signature="afterSuite()[pri:0, instance:com.orangehrm.seleniumui.framework.recuitment.CreateVacancyTest@26794848]" started-at="2026-03-24T14:48:58 IST" name="afterSuite" finished-at="2026-03-24T14:48:58 IST" duration-ms="0" status="PASS">
          <reporter-output>
            <line>
              <![CDATA[Executing afterSuite]]>
            </line>
          </reporter-output>
        </test-method> <!-- afterSuite -->
      </class> <!-- com.orangehrm.seleniumui.framework.recuitment.CreateVacancyTest -->
    </test> <!-- Default test -->
  </suite> <!-- Default suite -->
</testng-results>
