<?xml version="1.0" encoding="UTF-8"?>
<testng-results ignored="0" total="1" passed="1" failed="0" skipped="0">
  <reporter-output>
  </reporter-output>
  <suite started-at="2026-03-13T18:15:42 IST" name="Default suite" finished-at="2026-03-13T18:16:02 IST" duration-ms="19418">
    <groups>
    </groups>
    <test started-at="2026-03-13T18:15:42 IST" name="Default test" finished-at="2026-03-13T18:16:02 IST" duration-ms="19418">
      <class name="practice.result">
        <test-method signature="check()[pri:0, instance:practice.result@7b2bbc3]" started-at="2026-03-13T18:15:42 IST" name="check" finished-at="2026-03-13T18:16:02 IST" duration-ms="19356" status="PASS">
          <reporter-output>
          </reporter-output>
        </test-method> <!-- check -->
      </class> <!-- practice.result -->
    </test> <!-- Default test -->
  </suite> <!-- Default suite -->
</testng-results>
