<?xml version="1.0" encoding="UTF-8"?>
<!-- Generated by org.testng.reporters.JUnitReportReporter -->
<testsuite hostname="LAPTOP-1TE3E7CQ" failures="0" tests="5" name="practice.weeklyTC02" time="2.286" errors="0" timestamp="2026-03-13T14:04:22 IST" skipped="0">
  <testcase classname="practice.weeklyTC02" name="sorting" time="0.268"/>
  <testcase classname="practice.weeklyTC02" name="login" time="0.866"/>
  <testcase classname="practice.weeklyTC02" name="verifySummary" time="0.124"/>
  <testcase classname="practice.weeklyTC02" name="logout" time="0.465"/>
  <testcase classname="practice.weeklyTC02" name="prdinCart" time="0.563"/>
</testsuite> <!-- practice.weeklyTC02 -->
