<?xml version="1.0" encoding="UTF-8"?>
<!-- Generated by org.testng.reporters.JUnitReportReporter -->
<testsuite hostname="LAPTOP-1TE3E7CQ" failures="0" tests="3" name="GenericUtility.CrossBrowserUtility" time="0.046" errors="0" timestamp="2026-03-13T11:25:53 IST" skipped="0">
  <testcase classname="GenericUtility.CrossBrowserUtility" name="testMethod" time="0.021"/>
  <testcase classname="GenericUtility.CrossBrowserUtility" name="testMethod" time="0.009"/>
  <testcase classname="GenericUtility.CrossBrowserUtility" name="testMethod" time="0.016"/>
  <system-out>
    <![CDATA[---Executing add to cart test class true----
---Executing add to cart test class true----
---Executing add to cart test class true----
-----Executing class---
-----Executing class---
-----Executing class---]]>
  </system-out>
</testsuite> <!-- GenericUtility.CrossBrowserUtility -->
