<?xml version="1.0" encoding="UTF-8"?>
<!-- Generated by org.testng.reporters.JUnitReportReporter -->
<testsuite hostname="LAPTOP-1TE3E7CQ" failures="0" tests="4" name="practice.DemoTest" time="0.020" errors="0" timestamp="2026-03-12T13:29:38 IST" skipped="0">
  <testcase classname="practice.DemoTest" name="logOut" time="0.003"/>
  <testcase classname="practice.DemoTest" name="logIn" time="0.003"/>
  <testcase classname="practice.DemoTest" name="test" time="0.011"/>
  <testcase classname="practice.DemoTest" name="addEmp" time="0.003"/>
</testsuite> <!-- practice.DemoTest -->
