<?xml version="1.0" encoding="UTF-8"?>
<!-- Generated by org.testng.reporters.JUnitReportReporter -->
<testsuite hostname="LAPTOP-1TE3E7CQ" failures="0" tests="4" name="practice.addToCartTest" time="3.137" errors="0" timestamp="2026-03-11T14:11:12 IST" skipped="0">
  <testcase classname="practice.addToCartTest" name="addToCart" time="0.416">
    <system-out>
      <![CDATA[Added to cart]]>
    </system-out>
  </testcase> <!-- addToCart -->
  <testcase classname="practice.addToCartTest" name="launchingBrowser" time="0.011"/>
  <testcase classname="practice.addToCartTest" name="logout" time="2.665"/>
  <testcase classname="practice.addToCartTest" name="login" time="0.045">
    <system-out>
      <![CDATA[Login Successful]]>
    </system-out>
  </testcase> <!-- login -->
  <system-out>
    <![CDATA[---Executing Suite---
---Executing Test---
---Executing Class---
---Executing Method---
---Executing After Method---
---Executing Method---
Login Successful
---Executing After Method---
---Executing Method---
Added to cart
---Executing After Method---
---Executing Method---
---Executing After Method---
---Executing After Class---
---Executing After Test---
---Executing After Suite---]]>
  </system-out>
</testsuite> <!-- practice.addToCartTest -->
