<?xml version="1.0" encoding="UTF-8"?>
<!-- Generated by org.testng.reporters.JUnitReportReporter -->
<testsuite hostname="LAPTOP-1TE3E7CQ" failures="0" tests="3" name="Demo.ReadingDataFromDataProvider" time="0.013" errors="0" timestamp="2026-03-18T10:47:32 IST" skipped="0">
  <testcase classname="Demo.ReadingDataFromDataProvider" name="readingFromDataProvider" time="0.011"/>
  <testcase classname="Demo.ReadingDataFromDataProvider" name="readingFromDataProvider" time="0.001"/>
  <testcase classname="Demo.ReadingDataFromDataProvider" name="readingFromDataProvider" time="0.001"/>
</testsuite> <!-- Demo.ReadingDataFromDataProvider -->
