<?xml version="1.0" encoding="UTF-8"?>
<!-- Generated by org.testng.reporters.JUnitReportReporter -->
<testsuite hostname="LAPTOP-1TE3E7CQ" failures="0" tests="1" name="Demo.PracticeToExecute" time="34.749" errors="0" timestamp="2026-03-24T10:32:21 IST" skipped="0">
  <testcase classname="Demo.PracticeToExecute" name="testmethod" time="34.749"/>
  <system-out>
    <![CDATA[Executing beforeSuite
Executing beforeTest
Executing beforeClass
Executing beforeMethod
Executing afterMethod
Executing afterClass
Executing afterTest
Executing afterSuite]]>
  </system-out>
</testsuite> <!-- Demo.PracticeToExecute -->
